C:\YYE_PROC3_422\SENDER\DEBUG\BASE64.OBJ
C:\YYE_PROC3_422\SENDER\DEBUG\BLOCKINGQUEUE.OBJ
C:\YYE_PROC3_422\SENDER\DEBUG\FILESYSTEM.OBJ
C:\YYE_PROC3_422\SENDER\DEBUG\SOCKETS.OBJ
C:\YYE_PROC3_422\SENDER\DEBUG\LOCKS.OBJ
C:\YYE_PROC3_422\SENDER\DEBUG\THREADS.OBJ
C:\YYE_PROC3_422\SENDER\DEBUG\FILEMANAGER.OBJ
C:\YYE_PROC3_422\SENDER\DEBUG\SENDER.OBJ
C:\YYE_PROC3_422\SENDER\DEBUG\VC110.PDB
C:\YYE_PROC3_422\DEBUG\SENDER.ILK
C:\YYE_PROC3_422\DEBUG\SENDER.EXE
C:\YYE_PROC3_422\DEBUG\SENDER.PDB
C:\YYE_PROC3_422\Sender\Debug\Base64.obj
C:\YYE_PROC3_422\Sender\Debug\BlockingQueue.obj
C:\YYE_PROC3_422\Sender\Debug\FileManager.obj
C:\YYE_PROC3_422\Sender\Debug\FileSystem.obj
C:\YYE_PROC3_422\Sender\Debug\Locks.obj
C:\YYE_PROC3_422\Sender\Debug\Sender.obj
C:\YYE_PROC3_422\Sender\Debug\Sockets.obj
C:\YYE_PROC3_422\Sender\Debug\Threads.obj
C:\YYE_PROC3_422\Sender\Debug\cl.command.1.tlog
C:\YYE_PROC3_422\Sender\Debug\CL.read.1.tlog
C:\YYE_PROC3_422\Sender\Debug\CL.write.1.tlog
C:\YYE_PROC3_422\Sender\Debug\link-cvtres.read.1.tlog
C:\YYE_PROC3_422\Sender\Debug\link-cvtres.write.1.tlog
C:\YYE_PROC3_422\Sender\Debug\link-rc.read.1.tlog
C:\YYE_PROC3_422\Sender\Debug\link-rc.write.1.tlog
C:\YYE_PROC3_422\Sender\Debug\link.command.1.tlog
C:\YYE_PROC3_422\Sender\Debug\link.read.1.tlog
C:\YYE_PROC3_422\Sender\Debug\link.write.1.tlog
C:\YYE_PROC3_422\Sender\Debug\vc110.idb
C:\YYE_PROC3_422\Sender\Debug\vc110.pdb
C:\YYE_PROC3_422\Debug\Sender.pdb
C:\YYE_PROC3_422\Debug\Sender.exe
C:\YYE_PROC3_422\Debug\Sender.ilk
