Build started 4/30/2013 8:04:40 PM.
Project "C:\Users\yye_000\Desktop\Pr4\Reciever\Reciever.vcxproj" on node 2 (Rebuild target(s)).
ClCompile:
  C:\Program Files (x86)\Microsoft Visual Studio 11.0\VC\bin\CL.exe /c /ZI /nologo /W3 /WX- /Od /Oy- /D WIN32 /D _DEBUG /D _CONSOLE /D NODOLOG /D _UNICODE /D UNICODE /Gm /EHa /RTC1 /MDd /GS /fp:precise /Zc:wchar_t /Zc:forScope /Fo"Debug\\" /Fd"Debug\vc110.pdb" /Gd /TP /analyze- /errorReport:prompt ..\BlockingQueue\BlockingQueue.cpp ..\FileSystem\FileManager.cpp ..\FileSystem\FileSystem.cpp ..\Sockets\Sockets.cpp ..\Threads\Locks.cpp ..\Threads\Threads.cpp ..\Xml\XmlReader.cpp ..\Xml\XmlWriter.cpp Reciever.cpp
  Reciever.cpp
c:\users\yye_000\desktop\pr4\reciever\reciever.cpp(335): warning C4101: 'v' : unreferenced local variable
c:\users\yye_000\desktop\pr4\reciever\reciever.cpp(387): warning C4018: '<=' : signed/unsigned mismatch
c:\users\yye_000\desktop\pr4\reciever\reciever.cpp(406): warning C4101: 'ex' : unreferenced local variable
  XmlWriter.cpp
  XmlReader.cpp
  Threads.cpp
  Locks.cpp
  Sockets.cpp
  FileSystem.cpp
  FileManager.cpp
  BlockingQueue.cpp
  Generating Code...
Link:
  C:\Program Files (x86)\Microsoft Visual Studio 11.0\VC\bin\link.exe /ERRORREPORT:PROMPT /OUT:"C:\Users\yye_000\Desktop\Pr4\Debug\Reciever.exe" /INCREMENTAL /NOLOGO wsock32.lib kernel32.lib user32.lib gdi32.lib winspool.lib comdlg32.lib advapi32.lib shell32.lib ole32.lib oleaut32.lib uuid.lib odbc32.lib odbccp32.lib kernel32.lib user32.lib gdi32.lib winspool.lib comdlg32.lib advapi32.lib shell32.lib ole32.lib oleaut32.lib uuid.lib odbc32.lib odbccp32.lib /MANIFEST /MANIFESTUAC:"level='asInvoker' uiAccess='false'" /manifest:embed /DEBUG /PDB:"C:\Users\yye_000\Desktop\Pr4\Debug\Reciever.pdb" /SUBSYSTEM:CONSOLE /TLBID:1 /DYNAMICBASE /NXCOMPAT /IMPLIB:"C:\Users\yye_000\Desktop\Pr4\Debug\Reciever.lib" /MACHINE:X86 Debug\BlockingQueue.obj
  Debug\FileManager.obj
  Debug\FileSystem.obj
  Debug\Sockets.obj
  Debug\Locks.obj
  Debug\Threads.obj
  Debug\XmlReader.obj
  Debug\XmlWriter.obj
  Debug\Reciever.obj
  Reciever.vcxproj -> C:\Users\yye_000\Desktop\Pr4\Debug\Reciever.exe
Done Building Project "C:\Users\yye_000\Desktop\Pr4\Reciever\Reciever.vcxproj" (Rebuild target(s)).

Build succeeded.

Time Elapsed 00:00:11.43
