C:\USERS\YYE_000\DESKTOP\PR4\SENDER\DEBUG\BASE64.OBJ
C:\USERS\YYE_000\DESKTOP\PR4\SENDER\DEBUG\BLOCKINGQUEUE.OBJ
C:\USERS\YYE_000\DESKTOP\PR4\SENDER\DEBUG\FILESYSTEM.OBJ
C:\USERS\YYE_000\DESKTOP\PR4\SENDER\DEBUG\SOCKETS.OBJ
C:\USERS\YYE_000\DESKTOP\PR4\SENDER\DEBUG\LOCKS.OBJ
C:\USERS\YYE_000\DESKTOP\PR4\SENDER\DEBUG\THREADS.OBJ
C:\USERS\YYE_000\DESKTOP\PR4\SENDER\DEBUG\FILEMANAGER.OBJ
C:\USERS\YYE_000\DESKTOP\PR4\SENDER\DEBUG\SENDER.OBJ
C:\USERS\YYE_000\DESKTOP\PR4\SENDER\DEBUG\VC110.PDB
C:\USERS\YYE_000\DESKTOP\PR4\DEBUG\SENDER.LIB
C:\Users\yye_000\Desktop\Pr4\Sender\Debug\Base64.obj
C:\Users\yye_000\Desktop\Pr4\Sender\Debug\BlockingQueue.obj
C:\Users\yye_000\Desktop\Pr4\Sender\Debug\FileManager.obj
C:\Users\yye_000\Desktop\Pr4\Sender\Debug\FileSystem.obj
C:\Users\yye_000\Desktop\Pr4\Sender\Debug\Locks.obj
C:\Users\yye_000\Desktop\Pr4\Sender\Debug\Sender.obj
C:\Users\yye_000\Desktop\Pr4\Sender\Debug\Sockets.obj
C:\Users\yye_000\Desktop\Pr4\Sender\Debug\Threads.obj
C:\Users\yye_000\Desktop\Pr4\Sender\Debug\cl.command.1.tlog
C:\Users\yye_000\Desktop\Pr4\Sender\Debug\CL.read.1.tlog
C:\Users\yye_000\Desktop\Pr4\Sender\Debug\CL.write.1.tlog
C:\Users\yye_000\Desktop\Pr4\Sender\Debug\Lib-link.read.1.tlog
C:\Users\yye_000\Desktop\Pr4\Sender\Debug\Lib-link.write.1.tlog
C:\Users\yye_000\Desktop\Pr4\Sender\Debug\lib.command.1.tlog
C:\Users\yye_000\Desktop\Pr4\Sender\Debug\vc110.idb
C:\Users\yye_000\Desktop\Pr4\Sender\Debug\vc110.pdb
C:\Users\yye_000\Desktop\Pr4\Debug\Sender.lib
