C:\USERS\YYE_000\DESKTOP\PR4\CPPWINFORM1\DEBUG\CPPWINFORM1.PCH
C:\USERS\YYE_000\DESKTOP\PR4\CPPWINFORM1\DEBUG\STDAFX.OBJ
C:\USERS\YYE_000\DESKTOP\PR4\CPPWINFORM1\DEBUG\VC110.PDB
C:\USERS\YYE_000\DESKTOP\PR4\CPPWINFORM1\DEBUG\CPPWINFORM.OBJ
C:\USERS\YYE_000\DESKTOP\PR4\CPPWINFORM1\DEBUG\ASSEMBLYINFO.OBJ
C:\USERS\YYE_000\DESKTOP\PR4\CPPWINFORM1\DEBUG\.NETFRAMEWORK,VERSION=V4.0.ASSEMBLYATTRIBUTES.OBJ
C:\Users\yye_000\Desktop\Pr4\CppWinForm1\Debug\CppWinForm1.Form1.resources
C:\USERS\YYE_000\DESKTOP\PR4\DEBUG\CPPWINFORM1.ILK
C:\USERS\YYE_000\DESKTOP\PR4\DEBUG\CPPWINFORM1.EXE
C:\USERS\YYE_000\DESKTOP\PR4\DEBUG\CPPWINFORM1.PDB
C:\USERS\YYE_000\DESKTOP\PR4\CPPWINFORM1\DEBUG\APP.RES
C:\Users\yye_000\Desktop\Pr4\CppWinForm1\Debug\CppWinForm1.vcxproj.GenerateResource.Cache
C:\Users\yye_000\Desktop\Pr4\CppWinForm1\Debug\CppWinForm1.vcxprojResolveAssemblyReference.cache
C:\Users\yye_000\Desktop\Pr4\CppWinForm1\Debug\.NETFramework,Version=v4.0.AssemblyAttributes.obj
C:\Users\yye_000\Desktop\Pr4\CppWinForm1\Debug\AssemblyInfo.obj
C:\Users\yye_000\Desktop\Pr4\CppWinForm1\Debug\CppWinForm.obj
C:\Users\yye_000\Desktop\Pr4\CppWinForm1\Debug\stdafx.obj
C:\Users\yye_000\Desktop\Pr4\CppWinForm1\Debug\cl.command.1.tlog
C:\Users\yye_000\Desktop\Pr4\CppWinForm1\Debug\CL.read.1.tlog
C:\Users\yye_000\Desktop\Pr4\CppWinForm1\Debug\CL.write.1.tlog
C:\Users\yye_000\Desktop\Pr4\CppWinForm1\Debug\CppWinForm1.write.1.tlog
C:\Users\yye_000\Desktop\Pr4\CppWinForm1\Debug\link.776-cvtres.read.1.tlog
C:\Users\yye_000\Desktop\Pr4\CppWinForm1\Debug\link.776-cvtres.write.1.tlog
C:\Users\yye_000\Desktop\Pr4\CppWinForm1\Debug\link.776-rc.read.1.tlog
C:\Users\yye_000\Desktop\Pr4\CppWinForm1\Debug\link.776-rc.write.1.tlog
C:\Users\yye_000\Desktop\Pr4\CppWinForm1\Debug\link.776.read.1.tlog
C:\Users\yye_000\Desktop\Pr4\CppWinForm1\Debug\link.776.write.1.tlog
C:\Users\yye_000\Desktop\Pr4\CppWinForm1\Debug\link.command.1.tlog
C:\Users\yye_000\Desktop\Pr4\CppWinForm1\Debug\link.read.1.tlog
C:\Users\yye_000\Desktop\Pr4\CppWinForm1\Debug\link.write.1.tlog
C:\Users\yye_000\Desktop\Pr4\CppWinForm1\Debug\metagen.read.1.tlog
C:\Users\yye_000\Desktop\Pr4\CppWinForm1\Debug\metagen.write.1.tlog
C:\Users\yye_000\Desktop\Pr4\CppWinForm1\Debug\rc.command.1.tlog
C:\Users\yye_000\Desktop\Pr4\CppWinForm1\Debug\rc.read.1.tlog
C:\Users\yye_000\Desktop\Pr4\CppWinForm1\Debug\rc.write.1.tlog
C:\Users\yye_000\Desktop\Pr4\CppWinForm1\Debug\app.res
C:\Users\yye_000\Desktop\Pr4\CppWinForm1\Debug\CppWinForm1.pch
C:\Users\yye_000\Desktop\Pr4\CppWinForm1\Debug\vc110.pdb
C:\Users\yye_000\Desktop\Pr4\CppWinForm1\Debug\TZRES.DLL.bi
C:\Users\yye_000\Desktop\Pr4\Debug\CppWinForm1.pdb
C:\Users\yye_000\Desktop\Pr4\Debug\CppWinForm1.exe
C:\Users\yye_000\Desktop\Pr4\Debug\CppWinForm1.ilk
