C:\USERS\YYE_000\DESKTOP\YUKUI\FILESYSTEM\DEBUG\FILESYSTEM.OBJ
C:\USERS\YYE_000\DESKTOP\YUKUI\FILESYSTEM\DEBUG\FILESYSTEMMANAGEMENT.OBJ
C:\USERS\YYE_000\DESKTOP\YUKUI\FILESYSTEM\DEBUG\VC110.PDB
C:\USERS\YYE_000\DESKTOP\YUKUI\DEBUG\FILESYSTEM.ILK
C:\USERS\YYE_000\DESKTOP\YUKUI\DEBUG\FILESYSTEM.EXE
C:\USERS\YYE_000\DESKTOP\YUKUI\DEBUG\FILESYSTEM.PDB
C:\Users\yye_000\Desktop\Yukui\FileSystem\Debug\FileSystem.obj
C:\Users\yye_000\Desktop\Yukui\FileSystem\Debug\FileSystemManagement.obj
C:\Users\yye_000\Desktop\Yukui\FileSystem\Debug\cl.command.1.tlog
C:\Users\yye_000\Desktop\Yukui\FileSystem\Debug\CL.read.1.tlog
C:\Users\yye_000\Desktop\Yukui\FileSystem\Debug\CL.write.1.tlog
C:\Users\yye_000\Desktop\Yukui\FileSystem\Debug\link-cvtres.read.1.tlog
C:\Users\yye_000\Desktop\Yukui\FileSystem\Debug\link-cvtres.write.1.tlog
C:\Users\yye_000\Desktop\Yukui\FileSystem\Debug\link-rc.read.1.tlog
C:\Users\yye_000\Desktop\Yukui\FileSystem\Debug\link-rc.write.1.tlog
C:\Users\yye_000\Desktop\Yukui\FileSystem\Debug\link.command.1.tlog
C:\Users\yye_000\Desktop\Yukui\FileSystem\Debug\link.read.1.tlog
C:\Users\yye_000\Desktop\Yukui\FileSystem\Debug\link.write.1.tlog
C:\Users\yye_000\Desktop\Yukui\FileSystem\Debug\vc110.idb
C:\Users\yye_000\Desktop\Yukui\FileSystem\Debug\vc110.pdb
C:\Users\yye_000\Desktop\Yukui\Debug\FileSystem.pdb
C:\Users\yye_000\Desktop\Yukui\Debug\FileSystem.exe
C:\Users\yye_000\Desktop\Yukui\Debug\FileSystem.ilk
