C:\USERS\YYE_000\DESKTOP\YUKUI\GRAPH\DEBUG\GRAPH.OBJ
C:\USERS\YYE_000\DESKTOP\YUKUI\GRAPH\DEBUG\XMLREADER.OBJ
C:\USERS\YYE_000\DESKTOP\YUKUI\GRAPH\DEBUG\XMLWRITER.OBJ
C:\USERS\YYE_000\DESKTOP\YUKUI\GRAPH\DEBUG\VC110.PDB
C:\USERS\YYE_000\DESKTOP\YUKUI\DEBUG\GRAPH.ILK
C:\USERS\YYE_000\DESKTOP\YUKUI\DEBUG\GRAPH.EXE
C:\USERS\YYE_000\DESKTOP\YUKUI\DEBUG\GRAPH.PDB
C:\Users\yye_000\Desktop\Yukui\Graph\Debug\Graph.obj
C:\Users\yye_000\Desktop\Yukui\Graph\Debug\XmlReader.obj
C:\Users\yye_000\Desktop\Yukui\Graph\Debug\XmlWriter.obj
C:\Users\yye_000\Desktop\Yukui\Graph\Debug\cl.command.1.tlog
C:\Users\yye_000\Desktop\Yukui\Graph\Debug\CL.read.1.tlog
C:\Users\yye_000\Desktop\Yukui\Graph\Debug\CL.write.1.tlog
C:\Users\yye_000\Desktop\Yukui\Graph\Debug\link-cvtres.read.1.tlog
C:\Users\yye_000\Desktop\Yukui\Graph\Debug\link-cvtres.write.1.tlog
C:\Users\yye_000\Desktop\Yukui\Graph\Debug\link-rc.read.1.tlog
C:\Users\yye_000\Desktop\Yukui\Graph\Debug\link-rc.write.1.tlog
C:\Users\yye_000\Desktop\Yukui\Graph\Debug\link.command.1.tlog
C:\Users\yye_000\Desktop\Yukui\Graph\Debug\link.read.1.tlog
C:\Users\yye_000\Desktop\Yukui\Graph\Debug\link.write.1.tlog
C:\Users\yye_000\Desktop\Yukui\Graph\Debug\vc110.idb
C:\Users\yye_000\Desktop\Yukui\Graph\Debug\vc110.pdb
C:\Users\yye_000\Desktop\Yukui\Debug\Graph.pdb
C:\Users\yye_000\Desktop\Yukui\Debug\Graph.exe
C:\Users\yye_000\Desktop\Yukui\Debug\Graph.ilk
