C:\USERS\YYE_000\DESKTOP\YUKUI\YUKUI\DEBUG\ACTIONSANDRULES.OBJ
C:\USERS\YYE_000\DESKTOP\YUKUI\YUKUI\DEBUG\CLASSVECTOR.OBJ
C:\USERS\YYE_000\DESKTOP\YUKUI\YUKUI\DEBUG\CONFIGUREPARSER.OBJ
C:\USERS\YYE_000\DESKTOP\YUKUI\YUKUI\DEBUG\EXECUTE.OBJ
C:\USERS\YYE_000\DESKTOP\YUKUI\YUKUI\DEBUG\FILESYSTEM.OBJ
C:\USERS\YYE_000\DESKTOP\YUKUI\YUKUI\DEBUG\FILESYSTEMMANAGEMENT.OBJ
C:\USERS\YYE_000\DESKTOP\YUKUI\YUKUI\DEBUG\FOLDINGRULES.OBJ
C:\USERS\YYE_000\DESKTOP\YUKUI\YUKUI\DEBUG\GRAPH.OBJ
C:\USERS\YYE_000\DESKTOP\YUKUI\YUKUI\DEBUG\PARSER.OBJ
C:\USERS\YYE_000\DESKTOP\YUKUI\YUKUI\DEBUG\PASSFUNC.OBJ
C:\USERS\YYE_000\DESKTOP\YUKUI\YUKUI\DEBUG\RELATIONVECTOR.OBJ
C:\USERS\YYE_000\DESKTOP\YUKUI\YUKUI\DEBUG\SCOPESTACK.OBJ
C:\USERS\YYE_000\DESKTOP\YUKUI\YUKUI\DEBUG\SEMIEXPRESSION.OBJ
C:\USERS\YYE_000\DESKTOP\YUKUI\YUKUI\DEBUG\TOKENIZER.OBJ
C:\USERS\YYE_000\DESKTOP\YUKUI\YUKUI\DEBUG\UTILITY.OBJ
C:\USERS\YYE_000\DESKTOP\YUKUI\YUKUI\DEBUG\XMLELEMENTPARTS.OBJ
C:\USERS\YYE_000\DESKTOP\YUKUI\YUKUI\DEBUG\XMLREADER.OBJ
C:\USERS\YYE_000\DESKTOP\YUKUI\YUKUI\DEBUG\XMLWRITER.OBJ
C:\USERS\YYE_000\DESKTOP\YUKUI\YUKUI\DEBUG\VC110.PDB
C:\USERS\YYE_000\DESKTOP\YUKUI\DEBUG\PACKAGEDEPENDENCY.ILK
C:\USERS\YYE_000\DESKTOP\YUKUI\DEBUG\PACKAGEDEPENDENCY.EXE
C:\USERS\YYE_000\DESKTOP\YUKUI\DEBUG\PACKAGEDEPENDENCY.PDB
C:\Users\yye_000\Desktop\Yukui\Yukui\Debug\ActionsAndRules.obj
C:\Users\yye_000\Desktop\Yukui\Yukui\Debug\classVector.obj
C:\Users\yye_000\Desktop\Yukui\Yukui\Debug\ConfigureParser.obj
C:\Users\yye_000\Desktop\Yukui\Yukui\Debug\execute.obj
C:\Users\yye_000\Desktop\Yukui\Yukui\Debug\FileSystem.obj
C:\Users\yye_000\Desktop\Yukui\Yukui\Debug\FileSystemManagement.obj
C:\Users\yye_000\Desktop\Yukui\Yukui\Debug\FoldingRules.obj
C:\Users\yye_000\Desktop\Yukui\Yukui\Debug\Graph.obj
C:\Users\yye_000\Desktop\Yukui\Yukui\Debug\Parser.obj
C:\Users\yye_000\Desktop\Yukui\Yukui\Debug\PassFunc.obj
C:\Users\yye_000\Desktop\Yukui\Yukui\Debug\relationVector.obj
C:\Users\yye_000\Desktop\Yukui\Yukui\Debug\ScopeStack.obj
C:\Users\yye_000\Desktop\Yukui\Yukui\Debug\SemiExpression.obj
C:\Users\yye_000\Desktop\Yukui\Yukui\Debug\Tokenizer.obj
C:\Users\yye_000\Desktop\Yukui\Yukui\Debug\Utility.obj
C:\Users\yye_000\Desktop\Yukui\Yukui\Debug\xmlElementParts.obj
C:\Users\yye_000\Desktop\Yukui\Yukui\Debug\XmlReader.obj
C:\Users\yye_000\Desktop\Yukui\Yukui\Debug\XmlWriter.obj
C:\Users\yye_000\Desktop\Yukui\Yukui\Debug\cl.command.1.tlog
C:\Users\yye_000\Desktop\Yukui\Yukui\Debug\CL.read.1.tlog
C:\Users\yye_000\Desktop\Yukui\Yukui\Debug\CL.write.1.tlog
C:\Users\yye_000\Desktop\Yukui\Yukui\Debug\link-cvtres.read.1.tlog
C:\Users\yye_000\Desktop\Yukui\Yukui\Debug\link-cvtres.write.1.tlog
C:\Users\yye_000\Desktop\Yukui\Yukui\Debug\link-rc.read.1.tlog
C:\Users\yye_000\Desktop\Yukui\Yukui\Debug\link-rc.write.1.tlog
C:\Users\yye_000\Desktop\Yukui\Yukui\Debug\link.command.1.tlog
C:\Users\yye_000\Desktop\Yukui\Yukui\Debug\link.read.1.tlog
C:\Users\yye_000\Desktop\Yukui\Yukui\Debug\link.write.1.tlog
C:\Users\yye_000\Desktop\Yukui\Yukui\Debug\vc110.idb
C:\Users\yye_000\Desktop\Yukui\Yukui\Debug\vc110.pdb
C:\Users\yye_000\Desktop\Yukui\Debug\PackageDependency.pdb
C:\Users\yye_000\Desktop\Yukui\Debug\PackageDependency.exe
C:\Users\yye_000\Desktop\Yukui\Debug\PackageDependency.ilk
