C:\USERS\YYE_000\DESKTOP\PR4\MOCKCHANNEL\DEBUG\MOCKCHANNEL.OBJ
C:\USERS\YYE_000\DESKTOP\PR4\MOCKCHANNEL\DEBUG\VC110.PDB
C:\USERS\YYE_000\DESKTOP\PR4\MOCKCHANNEL\DEBUG\.NETFRAMEWORK,VERSION=V4.5.ASSEMBLYATTRIBUTES.OBJ
C:\USERS\YYE_000\DESKTOP\PR4\DEBUG\MOCKCHANNEL.ILK
C:\USERS\YYE_000\DESKTOP\PR4\DEBUG\MOCKCHANNEL.DLL
C:\USERS\YYE_000\DESKTOP\PR4\DEBUG\MOCKCHANNEL.PDB
C:\Users\yye_000\Desktop\Pr4\MockChannel\Debug\.NETFramework,Version=v4.5.AssemblyAttributes.obj
C:\Users\yye_000\Desktop\Pr4\MockChannel\Debug\MockChannel.obj
C:\Users\yye_000\Desktop\Pr4\MockChannel\Debug\cl.command.1.tlog
C:\Users\yye_000\Desktop\Pr4\MockChannel\Debug\CL.read.1.tlog
C:\Users\yye_000\Desktop\Pr4\MockChannel\Debug\CL.write.1.tlog
C:\Users\yye_000\Desktop\Pr4\MockChannel\Debug\link.3588-cvtres.read.1.tlog
C:\Users\yye_000\Desktop\Pr4\MockChannel\Debug\link.3588-cvtres.write.1.tlog
C:\Users\yye_000\Desktop\Pr4\MockChannel\Debug\link.3588-rc.read.1.tlog
C:\Users\yye_000\Desktop\Pr4\MockChannel\Debug\link.3588-rc.write.1.tlog
C:\Users\yye_000\Desktop\Pr4\MockChannel\Debug\link.3588.read.1.tlog
C:\Users\yye_000\Desktop\Pr4\MockChannel\Debug\link.3588.write.1.tlog
C:\Users\yye_000\Desktop\Pr4\MockChannel\Debug\link.4344-cvtres.read.1.tlog
C:\Users\yye_000\Desktop\Pr4\MockChannel\Debug\link.4344-cvtres.write.1.tlog
C:\Users\yye_000\Desktop\Pr4\MockChannel\Debug\link.4344-rc.read.1.tlog
C:\Users\yye_000\Desktop\Pr4\MockChannel\Debug\link.4344-rc.write.1.tlog
C:\Users\yye_000\Desktop\Pr4\MockChannel\Debug\link.4344.read.1.tlog
C:\Users\yye_000\Desktop\Pr4\MockChannel\Debug\link.4344.write.1.tlog
C:\Users\yye_000\Desktop\Pr4\MockChannel\Debug\link.command.1.tlog
C:\Users\yye_000\Desktop\Pr4\MockChannel\Debug\link.read.1.tlog
C:\Users\yye_000\Desktop\Pr4\MockChannel\Debug\link.write.1.tlog
C:\Users\yye_000\Desktop\Pr4\MockChannel\Debug\metagen.read.1.tlog
C:\Users\yye_000\Desktop\Pr4\MockChannel\Debug\metagen.write.1.tlog
C:\Users\yye_000\Desktop\Pr4\MockChannel\Debug\vc110.pdb
C:\Users\yye_000\Desktop\Pr4\MockChannel\Debug\TZRES.DLL.bi
C:\Users\yye_000\Desktop\Pr4\Debug\MockChannel.pdb
C:\Users\yye_000\Desktop\Pr4\Debug\MockChannel.dll
C:\Users\yye_000\Desktop\Pr4\Debug\MockChannel.ilk
