C:\YYE_PROC3_422\RECIEVER\DEBUG\BLOCKINGQUEUE.OBJ
C:\YYE_PROC3_422\RECIEVER\DEBUG\FILEMANAGER.OBJ
C:\YYE_PROC3_422\RECIEVER\DEBUG\FILESYSTEM.OBJ
C:\YYE_PROC3_422\RECIEVER\DEBUG\SOCKETS.OBJ
C:\YYE_PROC3_422\RECIEVER\DEBUG\LOCKS.OBJ
C:\YYE_PROC3_422\RECIEVER\DEBUG\THREADS.OBJ
C:\YYE_PROC3_422\RECIEVER\DEBUG\XMLREADER.OBJ
C:\YYE_PROC3_422\RECIEVER\DEBUG\XMLWRITER.OBJ
C:\YYE_PROC3_422\RECIEVER\DEBUG\RECIEVER.OBJ
C:\YYE_PROC3_422\RECIEVER\DEBUG\VC110.PDB
C:\YYE_PROC3_422\DEBUG\RECIEVER.ILK
C:\YYE_PROC3_422\DEBUG\RECIEVER.EXE
C:\YYE_PROC3_422\DEBUG\RECIEVER.PDB
C:\YYE_PROC3_422\Reciever\Debug\BlockingQueue.obj
C:\YYE_PROC3_422\Reciever\Debug\FileManager.obj
C:\YYE_PROC3_422\Reciever\Debug\FileSystem.obj
C:\YYE_PROC3_422\Reciever\Debug\Locks.obj
C:\YYE_PROC3_422\Reciever\Debug\Reciever.obj
C:\YYE_PROC3_422\Reciever\Debug\Sockets.obj
C:\YYE_PROC3_422\Reciever\Debug\Threads.obj
C:\YYE_PROC3_422\Reciever\Debug\XmlReader.obj
C:\YYE_PROC3_422\Reciever\Debug\XmlWriter.obj
C:\YYE_PROC3_422\Reciever\Debug\cl.command.1.tlog
C:\YYE_PROC3_422\Reciever\Debug\CL.read.1.tlog
C:\YYE_PROC3_422\Reciever\Debug\CL.write.1.tlog
C:\YYE_PROC3_422\Reciever\Debug\link-cvtres.read.1.tlog
C:\YYE_PROC3_422\Reciever\Debug\link-cvtres.write.1.tlog
C:\YYE_PROC3_422\Reciever\Debug\link-rc.read.1.tlog
C:\YYE_PROC3_422\Reciever\Debug\link-rc.write.1.tlog
C:\YYE_PROC3_422\Reciever\Debug\link.command.1.tlog
C:\YYE_PROC3_422\Reciever\Debug\link.read.1.tlog
C:\YYE_PROC3_422\Reciever\Debug\link.write.1.tlog
C:\YYE_PROC3_422\Reciever\Debug\vc110.idb
C:\YYE_PROC3_422\Reciever\Debug\vc110.pdb
C:\YYE_PROC3_422\Debug\Reciever.pdb
C:\YYE_PROC3_422\Debug\Reciever.exe
C:\YYE_PROC3_422\Debug\Reciever.ilk
